{
  "stats": {
    "suites": 1,
    "tests": 4,
    "passes": 4,
    "pending": 0,
    "failures": 0,
    "start": "2022-08-15T18:29:33.803Z",
    "end": "2022-08-15T18:29:40.711Z",
    "duration": 6908,
    "testsRegistered": 4,
    "passPercent": 100,
    "pendingPercent": 0,
    "other": 0,
    "hasOther": false,
    "skipped": 0,
    "hasSkipped": false
  },
  "results": [
    {
      "uuid": "b311fc28-4504-4871-9519-2aa5138b9f35",
      "title": "",
      "fullFile": "cypress/e2e/3-ALURAPIC/alurapic.cy.js",
      "file": "cypress/e2e/3-ALURAPIC/alurapic.cy.js",
      "beforeHooks": [],
      "afterHooks": [],
      "tests": [],
      "suites": [
        {
          "uuid": "a0432346-d7e4-4c4a-94bb-c5ba7ac40662",
          "title": "Login e registro de usuários alura pic",
          "fullFile": "",
          "file": "",
          "beforeHooks": [],
          "afterHooks": [],
          "tests": [
            {
              "title": "verifica mensagens validação",
              "fullTitle": "Login e registro de usuários alura pic verifica mensagens validação",
              "timedOut": null,
              "duration": 2023,
              "state": "passed",
              "speed": "fast",
              "pass": true,
              "fail": false,
              "pending": false,
              "context": null,
              "code": "cy.contains(\"a\", \"Register now\").click();\ncy.contains(\"button\", \"Register\").click();\ncy.contains(\"ap-vmessage\", \"Email is required!\").should(\"be.visible\");\ncy.contains(\"button\", \"Register\").click();\ncy.contains(\"ap-vmessage\", \"Full name is required!\").should(\"be.visible\");\ncy.contains(\"ap-vmessage\", \"User name is required!\").should(\"be.visible\");\ncy.contains(\"ap-vmessage\", \"Password is required!\").should(\"be.visible\");",
              "err": {},
              "uuid": "6ab0d778-8cf4-4766-a1b2-c239c3c782c0",
              "parentUUID": "a0432346-d7e4-4c4a-94bb-c5ba7ac40662",
              "isHook": false,
              "skipped": false
            },
            {
              "title": "verifica mensagem de e-mail inválido",
              "fullTitle": "Login e registro de usuários alura pic verifica mensagem de e-mail inválido",
              "timedOut": null,
              "duration": 1100,
              "state": "passed",
              "speed": "fast",
              "pass": true,
              "fail": false,
              "pending": false,
              "context": null,
              "code": "cy.contains(\"a\", \"Register now\").click();\ncy.contains(\"button\", \"Register\").click();\ncy.get('input[formcontrolname=\"email\"]').type(\"teste\");\ncy.contains(\"ap-vmessage\", \"Invalid e-mail\").should(\"be.visible\");",
              "err": {},
              "uuid": "a85dd85f-8131-438b-9442-4d21e82896de",
              "parentUUID": "a0432346-d7e4-4c4a-94bb-c5ba7ac40662",
              "isHook": false,
              "skipped": false
            },
            {
              "title": "verifica mensagem de senha com menos de 8 caracteres",
              "fullTitle": "Login e registro de usuários alura pic verifica mensagem de senha com menos de 8 caracteres",
              "timedOut": null,
              "duration": 1196,
              "state": "passed",
              "speed": "fast",
              "pass": true,
              "fail": false,
              "pending": false,
              "context": null,
              "code": "cy.contains(\"a\", \"Register now\").click();\ncy.contains(\"button\", \"Register\").click();\ncy.get('input[formcontrolname=\"password\"]').type(\"teste\");\ncy.contains(\"button\", \"Register\").click();\ncy.contains(\"ap-vmessage\", \"Mininum length is 8\").should(\"be.visible\");",
              "err": {},
              "uuid": "69988f79-e280-492f-a3a7-b8db7f363809",
              "parentUUID": "a0432346-d7e4-4c4a-94bb-c5ba7ac40662",
              "isHook": false,
              "skipped": false
            },
            {
              "title": "verifica mensagem de deve ser minúsculo no campo username",
              "fullTitle": "Login e registro de usuários alura pic verifica mensagem de deve ser minúsculo no campo username",
              "timedOut": null,
              "duration": 1162,
              "state": "passed",
              "speed": "fast",
              "pass": true,
              "fail": false,
              "pending": false,
              "context": null,
              "code": "cy.contains(\"a\", \"Register now\").click();\ncy.contains(\"button\", \"Register\").click();\ncy.get('input[formcontrolname=\"userName\"]').type(\"Teste\");\ncy.contains(\"button\", \"Register\").click();\ncy.contains(\"ap-vmessage\", \"Must be lower case\").should(\"be.visible\");",
              "err": {},
              "uuid": "c4e28811-1b37-4737-bf39-ad87e8bb15cf",
              "parentUUID": "a0432346-d7e4-4c4a-94bb-c5ba7ac40662",
              "isHook": false,
              "skipped": false
            }
          ],
          "suites": [],
          "passes": [
            "6ab0d778-8cf4-4766-a1b2-c239c3c782c0",
            "a85dd85f-8131-438b-9442-4d21e82896de",
            "69988f79-e280-492f-a3a7-b8db7f363809",
            "c4e28811-1b37-4737-bf39-ad87e8bb15cf"
          ],
          "failures": [],
          "pending": [],
          "skipped": [],
          "duration": 5481,
          "root": false,
          "rootEmpty": false,
          "_timeout": 2000
        }
      ],
      "passes": [],
      "failures": [],
      "pending": [],
      "skipped": [],
      "duration": 0,
      "root": true,
      "rootEmpty": true,
      "_timeout": 2000
    }
  ],
  "meta": {
    "mocha": {
      "version": "7.0.1"
    },
    "mochawesome": {
      "options": {
        "quiet": false,
        "reportFilename": "mochawesome",
        "saveHtml": true,
        "saveJson": true,
        "consoleReporter": "spec",
        "useInlineDiffs": false,
        "code": true
      },
      "version": "7.1.3"
    },
    "marge": {
      "options": {
        "reportDir": "cypress/report/mochawesome-report",
        "overwrite": true,
        "html": true,
        "json": true,
        "timestamp": "mmddyyyy_HHMMss"
      },
      "version": "6.2.0"
    }
  }
}